TTLocalizer: Running in language: English
OTPLocalizer: Running in language: English
Preloading suits...
Preloading Toon heads...
Preloading avatars...
{401000001: <toontown.distributed.ToontownDistrict.ToontownDistrict instance at 0x1E2CB800>}
entered wait for zone redirect
entered wait for set zone response - 2
Reading DNA file... phase_4/dna/storage.pdna
Reading DNA file... phase_3.5/dna/storage_interior.pdna
Reading DNA file... phase_4/dna/storage_TT.pdna
Reading DNA file... phase_4/dna/storage_TT_sz.pdna
Reading DNA file... phase_4/dna/toontown_central_sz.pdna
{401000001: <toontown.distributed.ToontownDistrict.ToontownDistrict instance at 0x1E2CB800>}
__handleAvatarChooserDone: 100000027, "Grand ol' Spiffy Zooblezilla", ('fss', 'ms', 'l', 'm', (0.99, 0.48, 0.16, 1.0), (1.0, 1.0, 1.0, 1.0), (0.99, 0.48, 0.16, 1.0), (0.99, 0.48, 0.16, 1.0), 0, 5, 0, 5, 4, 16), 1
entered wait for zone redirect
entered wait for set zone response - 2
Reading DNA file... phase_4/dna/storage.pdna
Reading DNA file... phase_3.5/dna/storage_interior.pdna
Reading DNA file... phase_4/dna/storage_TT.pdna
Reading DNA file... phase_4/dna/storage_TT_sz.pdna
Reading DNA file... phase_4/dna/toontown_central_sz.pdna
{401000001: <toontown.distributed.ToontownDistrict.ToontownDistrict instance at 0x1E2CB800>}
__handleAvatarChooserDone: 100000027, "Grand ol' Spiffy Zooblezilla", ('fss', 'ms', 'l', 'm', (0.99, 0.48, 0.16, 1.0), (1.0, 1.0, 1.0, 1.0), (0.99, 0.48, 0.16, 1.0), (0.99, 0.48, 0.16, 1.0), 0, 5, 0, 5, 4, 16), 1
entered wait for zone redirect
entered wait for set zone response - 2
Reading DNA file... phase_4/dna/storage.pdna
Reading DNA file... phase_3.5/dna/storage_interior.pdna
Reading DNA file... phase_4/dna/storage_TT.pdna
Reading DNA file... phase_4/dna/storage_TT_sz.pdna
Reading DNA file... phase_4/dna/toontown_central_sz.pdna
{401000001: <toontown.distributed.ToontownDistrict.ToontownDistrict instance at 0x1E2CB800>}
__handleAvatarChooserDone: 100000027, "Grand ol' Spiffy Zooblezilla", ('fss', 'ms', 'l', 'm', (0.99, 0.48, 0.16, 1.0), (1.0, 1.0, 1.0, 1.0), (0.99, 0.48, 0.16, 1.0), (0.99, 0.48, 0.16, 1.0), 0, 5, 0, 5, 4, 16), 1
entered wait for zone redirect
entered wait for set zone response - 2
Reading DNA file... phase_4/dna/storage.pdna
Reading DNA file... phase_3.5/dna/storage_interior.pdna
Reading DNA file... phase_4/dna/storage_TT.pdna
Reading DNA file... phase_4/dna/storage_TT_sz.pdna
Reading DNA file... phase_4/dna/toontown_central_sz.pdna
{401000001: <toontown.distributed.ToontownDistrict.ToontownDistrict instance at 0x1E2CB800>}
__handleAvatarChooserDone: 100000027, "Grand ol' Spiffy Zooblezilla", ('fss', 'ms', 'l', 'm', (0.99, 0.48, 0.16, 1.0), (1.0, 1.0, 1.0, 1.0), (0.99, 0.48, 0.16, 1.0), (0.99, 0.48, 0.16, 1.0), 0, 5, 0, 5, 4, 16), 1
entered wait for zone redirect
entered wait for set zone response - 2
Reading DNA file... phase_4/dna/storage.pdna
Reading DNA file... phase_3.5/dna/storage_interior.pdna
Reading DNA file... phase_4/dna/storage_TT.pdna
Reading DNA file... phase_4/dna/storage_TT_sz.pdna
Reading DNA file... phase_4/dna/toontown_central_sz.pdna
