TTLocalizer: Running in language: English
OTPLocalizer: Running in language: English
Preloading suits...
Preloading Toon heads...
Preloading avatars...
{401000001: <toontown.distributed.ToontownDistrict.ToontownDistrict instance at 0x20A10940>}
__handleAvatarChooserDone: 100000015, 'Poodletooth', ('mss', 'ss', 'l', 'm', (0.61, 0.16, 0.16, 1.0), (1.0, 1.0, 1.0, 1.0), (0.61, 0.16, 0.16, 1.0), (0.14, 0.11, 0.51, 1.0), 5, 9, 5, 9, 4, 2), 1
entered wait for zone redirect
entered wait for set zone response - 2
Reading DNA file... phase_3.5/dna/storage_tutorial.pdna
Reading DNA file... phase_3.5/dna/storage_interior.pdna
Reading DNA file... phase_3.5/dna/tutorial_street.pdna
Reading DNA file... phase_3.5/dna/tutorial_street.pdna
entered wait for zone redirect
entered wait for set zone response - 2
entered wait for zone redirect
entered wait for set zone response - 2
entered wait for zone redirect
entered wait for set zone response - 2
entered wait for zone redirect
entered wait for set zone response - 2
Reading DNA file... phase_4/dna/storage.pdna
Reading DNA file... phase_3.5/dna/storage_interior.pdna
Reading DNA file... phase_4/dna/storage_TT.pdna
Reading DNA file... phase_4/dna/winter_storage_TT.pdna
Reading DNA file... phase_4/dna/winter_storage_TT_sz.pdna
Reading DNA file... phase_4/dna/storage_TT_sz.pdna
Reading DNA file... phase_4/dna/toontown_central_sz.pdna
entered wait for zone redirect
entered wait for set zone response - 2
entered wait for zone redirect
entered wait for set zone response - 2
entered wait for zone redirect
entered wait for set zone response - 2
entered wait for zone redirect
entered wait for set zone response - 2
entered wait for zone redirect
entered wait for set zone response - 2
Reading DNA file... phase_5/dna/storage_town.pdna
Reading DNA file... phase_5/dna/storage_TT_town.pdna
Reading DNA file... phase_5/dna/toontown_central_2200.pdna
entered wait for zone redirect
entered wait for set zone response - 2
Reading DNA file... phase_4/dna/storage.pdna
Reading DNA file... phase_3.5/dna/storage_interior.pdna
entered wait for zone redirect
entered wait for set zone response - 2
entered wait for zone redirect
entered wait for set zone response - 2
spec = {'parentEntId': 10047, 'pos': LPoint3f(0, 0, 0)}
h = None
spec = {'parentEntId': 10068, 'pos': LPoint3f(-20, -10, 0)}
h = None
### newVec3 =  LVector3f(1.52588e-005, 5.99994, 1.5)
### newVec3 =  LVector3f(1.52588e-005, 5.99994, 0)
### newVec3 =  LVector3f(1.52588e-005, 5.99994, 0.375)
### newVec3 =  LVector3f(1.52588e-005, 5.99994, 0)
spec = {'parentEntId': 10064, 'pos': LPoint3f(0, 0, 0)}
h = None
entered wait for zone redirect
entered wait for set zone response - 2
entered wait for zone redirect
entered wait for set zone response - 2
Reading DNA file... phase_4/dna/storage.pdna
Reading DNA file... phase_3.5/dna/storage_interior.pdna
Reading DNA file... phase_5.5/dna/storage_estate.pdna
Reading DNA file... phase_5.5/dna/winter_storage_estate.pdna
Reading DNA file... phase_5.5/dna/estate_1.pdna
adjusting item index -1
exiting due to lack of items
entered wait for zone redirect
entered wait for set zone response - 2
entered wait for zone redirect
entered wait for set zone response - 2
adjusting item index -1
exiting due to lack of items
entered wait for zone redirect
entered wait for set zone response - 2
entered wait for zone redirect
entered wait for set zone response - 2
entered wait for zone redirect
entered wait for set zone response - 2
adjusting item index -1
entered wait for zone redirect
entered wait for set zone response - 2
Warning: NodePath.remove() is deprecated.  Use remove_node() instead.
Warning: NodePath.remove() is deprecated.  Use remove_node() instead.
Warning: NodePath.remove() is deprecated.  Use remove_node() instead.
entered wait for zone redirect
entered wait for set zone response - 2
adjusting item index -1
Item discardItem
adjusting item index -1
exiting due to lack of items
exiting due to lack of items
entered wait for zone redirect
entered wait for set zone response - 2
Warning: NodePath.remove() is deprecated.  Use remove_node() instead.
Warning: NodePath.remove() is deprecated.  Use remove_node() instead.
Warning: NodePath.remove() is deprecated.  Use remove_node() instead.
Warning: NodePath.remove() is deprecated.  Use remove_node() instead.
Warning: NodePath.remove() is deprecated.  Use remove_node() instead.
Warning: NodePath.remove() is deprecated.  Use remove_node() instead.
entered wait for zone redirect
entered wait for set zone response - 2
Warning: NodePath.remove() is deprecated.  Use remove_node() instead.
entered wait for zone redirect
entered wait for set zone response - 2
entered wait for zone redirect
entered wait for set zone response - 2
entered wait for zone redirect
entered wait for set zone response - 2
gardenPage Unloading
