TTLocalizer: Running in language: English
OTPLocalizer: Running in language: English
Preloading suits...
Preloading Toon heads...
Preloading avatars...
{401000001: <toontown.distributed.ToontownDistrict.ToontownDistrict instance at 0x222FA7B0>}
__handleAvatarChooserDone: 100000015, 'Poodletooth', ('mss', 'ss', 'l', 'm', (0.61, 0.16, 0.16, 1.0), (0.28, 0.32, 0.72, 1.0), (0.61, 0.16, 0.16, 1.0), (0.14, 0.11, 0.51, 1.0), 134, 27, 121, 27, 55, 27), 1
entered wait for zone redirect
entered wait for set zone response - 2
Reading DNA file... phase_4/dna/storage.pdna
Reading DNA file... phase_3.5/dna/storage_interior.pdna
Reading DNA file... phase_8/dna/storage_BR.pdna
Reading DNA file... phase_8/dna/storage_BR_sz.pdna
Reading DNA file... phase_8/dna/the_burrrgh_sz.pdna
Traceback (most recent call last):
  File "C:\Users\cyg_server\Desktop\Poodletooth-iLand-master\toontown\toonbase\ToontownStart.py", line 50, in __inject_wx
    exec(code, globals())
  File "<string>", line 5, in <module>
  File "toontown\shtiker\ShtikerBook.py", line 280, in setPage
    self.currPageIndex = self.pages.index(page)
ValueError: 0 is not in list
gardenPage Unloading
